<?xml version="1.0" encoding="UTF-8"?>
<!-- Generated by org.testng.reporters.JUnitReportReporter -->
<testsuite hostname="DESKTOP-LLILG3L" failures="0" tests="1" name="steps.TestRuner" time="4.667" errors="0" timestamp="2023-04-09T19:12:24 EDT" skipped="1">
  <testcase classname="steps.TestRuner" name="runScenario" time="4.667">
    <skipped/>
  </testcase> <!-- runScenario -->
  <system-out/>
</testsuite> <!-- steps.TestRuner -->
