<?xml version="1.0" encoding="UTF-8"?>
<!-- Generated by org.testng.reporters.JUnitReportReporter -->
<testsuite hostname="DESKTOP-LLILG3L" failures="0" tests="1" name="startingPointOfFramework.TC001_CreatLead" time="12.936" errors="0" timestamp="2023-05-02T19:48:41 EDT" skipped="0">
  <testcase classname="startingPointOfFramework.TC001_CreatLead" name="creatLead" time="12.936"/>
  <system-out/>
</testsuite> <!-- startingPointOfFramework.TC001_CreatLead -->
