<?xml version="1.0" encoding="UTF-8"?>
<!-- Generated by org.testng.reporters.JUnitReportReporter -->
<testsuite hostname="DESKTOP-LLILG3L" failures="0" tests="1" name="com.testleaf.pages.TestCaseExecution" time="7.929" errors="0" timestamp="2023-05-07T12:27:08 EDT" skipped="0">
  <testcase classname="com.testleaf.pages.TestCaseExecution" name="verifyLoging" time="7.929"/>
  <system-out/>
</testsuite> <!-- com.testleaf.pages.TestCaseExecution -->
